<?xml version="1.0" encoding="UTF-8"?>
<!-- Generated by org.testng.reporters.JUnitReportReporter -->
<testsuite skipped="0" hostname="DESKTOP-LJAE51R" name="org.testng.ClassA" tests="2" failures="0" timestamp="29 Mar 2023 11:01:15 GMT" time="0.000" errors="0">
  <testcase name="tc_9" time="0.000" classname="org.testng.ClassA"/>
  <testcase name="tc_10" time="0.000" classname="org.testng.ClassA"/>
</testsuite> <!-- org.testng.ClassA -->
