<?xml version="1.0" encoding="UTF-8"?>
<!-- Generated by org.testng.reporters.JUnitReportReporter -->
<testsuite skipped="0" hostname="DESKTOP-LJAE51R" name="org.datapro.DataProv" tests="3" failures="0" timestamp="29 Mar 2023 11:10:41 GMT" time="12.944" errors="0">
  <testcase name="loginTest" time="3.640" classname="org.datapro.DataProv"/>
  <testcase name="loginTest" time="5.725" classname="org.datapro.DataProv"/>
  <testcase name="loginTest" time="3.579" classname="org.datapro.DataProv"/>
</testsuite> <!-- org.datapro.DataProv -->
