<?xml version="1.0" encoding="UTF-8"?>
<!-- Generated by org.testng.reporters.JUnitReportReporter -->
<testsuite skipped="0" hostname="DESKTOP-LJAE51R" name="org.testng.ClassC" tests="3" failures="0" timestamp="29 Mar 2023 10:02:32 GMT" time="0.023" errors="1">
  <testcase name="tc_2" time="0.005" classname="org.testng.ClassC"/>
  <testcase name="tc_3" time="0.002" classname="org.testng.ClassC"/>
  <testcase name="tc_1" time="0.016" classname="org.testng.ClassC">
    <error type="java.lang.Error" message="Unresolved compilation problem: 
	String literal is not properly closed by a double-quote
">
      <![CDATA[java.lang.Error: Unresolved compilation problem: 
String literal is not properly closed by a double-quote

at org.testng.ClassC.tc_1(ClassC.java:10)
at sun.reflect.NativeMethodAccessorImpl.invoke0(Native Method)
at sun.reflect.NativeMethodAccessorImpl.invoke(Unknown Source)
at sun.reflect.DelegatingMethodAccessorImpl.invoke(Unknown Source)
at java.lang.reflect.Method.invoke(Unknown Source)
at org.testng.internal.MethodInvocationHelper.invokeMethod(MethodInvocationHelper.java:124)
at org.testng.internal.Invoker.invokeMethod(Invoker.java:583)
at org.testng.internal.Invoker.invokeTestMethod(Invoker.java:719)
at org.testng.internal.Invoker.invokeTestMethods(Invoker.java:989)
at org.testng.internal.TestMethodWorker.invokeTestMethods(TestMethodWorker.java:125)
at org.testng.internal.TestMethodWorker.run(TestMethodWorker.java:109)
at java.util.concurrent.ThreadPoolExecutor.runWorker(Unknown Source)
at java.util.concurrent.ThreadPoolExecutor$Worker.run(Unknown Source)
at java.lang.Thread.run(Unknown Source)
]]>
    </error>
  </testcase> <!-- tc_1 -->
</testsuite> <!-- org.testng.ClassC -->
