<?xml version="1.0" encoding="UTF-8"?>
<!-- Generated by org.testng.reporters.JUnitReportReporter -->
<testsuite skipped="0" hostname="DESKTOP-LJAE51R" name="org.testng.ClassD" tests="3" failures="0" timestamp="29 Mar 2023 10:02:32 GMT" time="21.224" errors="0">
  <testcase name="tc_33" time="3.801" classname="org.testng.ClassD"/>
  <testcase name="tc_11" time="11.286" classname="org.testng.ClassD"/>
  <testcase name="tc_22" time="6.137" classname="org.testng.ClassD"/>
</testsuite> <!-- org.testng.ClassD -->
