<?xml version="1.0" encoding="UTF-8"?>
<!-- Generated by org.testng.reporters.JUnitReportReporter -->
<testsuite skipped="0" hostname="DESKTOP-LJAE51R" name="org.groups.ClassC" tests="3" failures="0" timestamp="30 Mar 2023 06:39:54 GMT" time="0.028" errors="0">
  <testcase name="tc_1" time="0.002" classname="org.groups.ClassC"/>
  <testcase name="tc_2" time="0.004" classname="org.groups.ClassC"/>
  <testcase name="tc_3" time="0.022" classname="org.groups.ClassC"/>
</testsuite> <!-- org.groups.ClassC -->
