<?xml version="1.0" encoding="UTF-8"?>
<!-- Generated by org.testng.reporters.JUnitReportReporter -->
<testsuite skipped="0" hostname="DESKTOP-LJAE51R" name="org.groups.ClassB" tests="2" failures="0" timestamp="30 Mar 2023 05:27:27 GMT" time="0.004" errors="0">
  <testcase name="tc_2" time="0.002" classname="org.groups.ClassB"/>
  <testcase name="tc_1" time="0.002" classname="org.groups.ClassB"/>
</testsuite> <!-- org.groups.ClassB -->
