<?xml version="1.0" encoding="UTF-8"?>
<!-- Generated by org.testng.reporters.JUnitReportReporter -->
<testsuite skipped="0" hostname="DESKTOP-LJAE51R" name="org.testng.ClassB" tests="7" failures="0" timestamp="29 Mar 2023 11:00:44 GMT" time="0.016" errors="0">
  <testcase name="tc_4" time="0.016" classname="org.testng.ClassB"/>
  <testcase name="tc_2" time="0.000" classname="org.testng.ClassB"/>
  <testcase name="tc_2" time="0.000" classname="org.testng.ClassB"/>
  <testcase name="tc_3" time="0.000" classname="org.testng.ClassB"/>
  <testcase name="tc_1" time="0.000" classname="org.testng.ClassB"/>
  <testcase name="tc_5" time="0.000" classname="org.testng.ClassB"/>
  <testcase name="tc_6" time="0.000" classname="org.testng.ClassB"/>
</testsuite> <!-- org.testng.ClassB -->
