<?xml version="1.0" encoding="UTF-8"?>
<!-- Generated by org.testng.reporters.JUnitReportReporter -->
<testsuite skipped="0" hostname="DESKTOP-LJAE51R" name="org.groups.ClassA" tests="3" failures="0" timestamp="30 Mar 2023 05:27:27 GMT" time="0.072" errors="0">
  <testcase name="tc_1" time="0.064" classname="org.groups.ClassA"/>
  <testcase name="tc_2" time="0.005" classname="org.groups.ClassA"/>
  <testcase name="tc_4" time="0.003" classname="org.groups.ClassA"/>
</testsuite> <!-- org.groups.ClassA -->
