<?xml version="1.0" encoding="UTF-8"?>
<!-- Generated by org.testng.reporters.JUnitReportReporter -->
<testsuite skipped="0" hostname="DESKTOP-LJAE51R" name="org.parameterprog.ParameterProg" tests="1" failures="0" timestamp="29 Mar 2023 16:04:27 GMT" time="6.572" errors="0">
  <testcase name="logginTest" time="6.572" classname="org.parameterprog.ParameterProg"/>
</testsuite> <!-- org.parameterprog.ParameterProg -->
